// Improve performance under load 1755015619
// Refactor defense rule engine 1755015619
// Refactor defense rule engine 1755015619
// Optimize packet inspection 1755015619
// Optimize packet inspection 1755015619
// Enhance DoS detection logic 1755015619
// Refactor connection frequency analysis 1755015619
// Enhance DoS detection logic 1755015619
// Add IP blacklist support 1755015619
// Improve logging format 1755094773
// Refactor connection frequency analysis 1755094773
// Update README with usage 1755094773
// Enhance DoS detection logic 1755094773
// Enhance DoS detection logic 1755094773
// Enhance DoS detection logic 1755181142
// Update README with usage 1755181142
// Optimize packet inspection 1755181142
// Enhance DoS detection logic 1755216734
// Refactor connection frequency analysis 1755216734
// Optimize packet inspection 1755216734
// Update README with usage 1755216734
// Refactor connection frequency analysis 1755216734
// Fix false-positive detection bug 1755216734
